#
# There is insufficient memory for the Java Runtime Environment to continue.
# Native memory allocation (malloc) failed to allocate 928816 bytes for Chunk::new
# Possible reasons:
#   The system is out of physical RAM or swap space
#   In 32 bit mode, the process size limit was hit
# Possible solutions:
#   Reduce memory load on the system
#   Increase physical memory or swap space
#   Check if swap backing store is full
#   Use 64 bit Java on a 64 bit OS
#   Decrease Java heap size (-Xmx/-Xms)
#   Decrease number of Java threads
#   Decrease Java thread stack sizes (-Xss)
#   Set larger code cache with -XX:ReservedCodeCacheSize=
# This output file may be truncated or incomplete.
#
#  Out of Memory Error (allocation.cpp:390), pid=10028, tid=0x0000000000002264
#
# JRE version: Java(TM) SE Runtime Environment (8.0_181-b13) (build 1.8.0_181-b13)
# Java VM: Java HotSpot(TM) 64-Bit Server VM (25.181-b13 mixed mode windows-amd64 compressed oops)
# Failed to write core dump. Minidumps are not enabled by default on client versions of Windows
#

---------------  T H R E A D  ---------------

Current thread (0x000000003a588800):  JavaThread "C2 CompilerThread2" daemon [_thread_in_native, id=8804, stack(0x000000003be60000,0x000000003bf60000)]

Stack: [0x000000003be60000,0x000000003bf60000]
[error occurred during error reporting (printing stack bounds), id 0xc0000005]

Native frames: (J=compiled Java code, j=interpreted, Vv=VM code, C=native code)


Current CompileTask:
C2: 483616 4937       4       com.vladsch.flexmark.util.html.FormattingAppendableImpl::appendImpl (538 bytes)


---------------  P R O C E S S  ---------------

Java Threads: ( => current thread )
  0x000000003d5bf800 JavaThread "AWT-Windows" daemon [_thread_in_native, id=17092, stack(0x000000003f580000,0x000000003f680000)]
  0x000000003d6dd000 JavaThread "Java2D Disposer" daemon [_thread_blocked, id=16428, stack(0x000000003f380000,0x000000003f480000)]
  0x000000003d483000 JavaThread "NanoHttpd Main Listener" daemon [_thread_in_native, id=9860, stack(0x000000003f280000,0x000000003f380000)]
  0x000000003a627800 JavaThread "Service Thread" daemon [_thread_blocked, id=11868, stack(0x000000003c060000,0x000000003c160000)]
  0x000000003a589000 JavaThread "C1 CompilerThread3" daemon [_thread_in_vm, id=10336, stack(0x000000003bf60000,0x000000003c060000)]
=>0x000000003a588800 JavaThread "C2 CompilerThread2" daemon [_thread_in_native, id=8804, stack(0x000000003be60000,0x000000003bf60000)]
  0x000000003a587000 JavaThread "C2 CompilerThread1" daemon [_thread_in_native, id=17236, stack(0x000000003bd60000,0x000000003be60000)]
  0x000000003a57d000 JavaThread "C2 CompilerThread0" daemon [_thread_in_native, id=15284, stack(0x000000003bc60000,0x000000003bd60000)]
  0x000000003a522000 JavaThread "Monitor Ctrl-Break" daemon [_thread_in_native, id=13408, stack(0x000000003bb60000,0x000000003bc60000)]
  0x000000003a4fe800 JavaThread "Attach Listener" daemon [_thread_blocked, id=17276, stack(0x000000003ba60000,0x000000003bb60000)]
  0x000000003a4fc800 JavaThread "Signal Dispatcher" daemon [_thread_blocked, id=15944, stack(0x000000003b960000,0x000000003ba60000)]
  0x000000003a4f3000 JavaThread "Finalizer" daemon [_thread_blocked, id=9820, stack(0x000000003b760000,0x000000003b860000)]
  0x0000000038e2c800 JavaThread "Reference Handler" daemon [_thread_blocked, id=11184, stack(0x000000003b660000,0x000000003b760000)]
  0x0000000002f73000 JavaThread "main" [_thread_in_Java, id=10716, stack(0x0000000002cd0000,0x0000000002dd0000)]

Other Threads:
  0x000000003a4d2800 VMThread [stack: 0x000000003b560000,0x000000003b660000] [id=15900]
  0x000000003a638000 WatcherThread [stack: 0x000000003c160000,0x000000003c260000] [id=16528]

VM state:not at safepoint (normal execution)

VM Mutex/Monitor currently owned by a thread: None

Heap:
 PSYoungGen      total 2055680K, used 753042K [0x000000066b000000, 0x0000000727800000, 0x00000007c0000000)
  eden space 1096704K, 67% used [0x000000066b000000,0x00000006985df520,0x00000006adf00000)
  from space 958976K, 1% used [0x00000006ecf80000,0x00000006ed9056c8,0x0000000727800000)
  to   space 995840K, 0% used [0x00000006adf00000,0x00000006adf00000,0x00000006eab80000)
 ParOldGen       total 6413312K, used 5593625K [0x00000003c1000000, 0x0000000548700000, 0x000000066b000000)
  object space 6413312K, 87% used [0x00000003c1000000,0x0000000516686760,0x0000000548700000)
 Metaspace       used 30306K, capacity 30935K, committed 31280K, reserved 1077248K
  class space    used 3406K, capacity 3535K, committed 3632K, reserved 1048576K

Card table byte_map: [0x0000000012430000,0x0000000014430000] byte_map_base: 0x0000000010628000

Marking Bits: (ParMarkBitMap*) 0x000000006dc42d00
 Begin Bits: [0x0000000016380000, 0x0000000026340000)
 End Bits:   [0x0000000026340000, 0x0000000036300000)

Polling page: 0x0000000001330000

CodeCache: size=245760Kb used=12486Kb max_used=12486Kb free=233273Kb
 bounds [0x0000000003070000, 0x0000000003cc0000, 0x0000000012070000]
 total_blobs=4700 nmethods=4159 adapters=451
 compilation: enabled

Compilation events (10 events):
Event: 483.612 Thread 0x000000003a589000 nmethod 5152 0x0000000003ca3c10 code [0x0000000003ca3d80, 0x0000000003ca4008]
Event: 483.612 Thread 0x000000003a589000 5126       3       com.openhtmltopdf.render.InlineLayoutBox::prunePending (62 bytes)
Event: 483.612 Thread 0x000000003a589000 nmethod 5126 0x0000000003ca40d0 code [0x0000000003ca4300, 0x0000000003ca4eb8]
Event: 483.612 Thread 0x000000003a589000 5156       3       com.openhtmltopdf.layout.InlineBoxing::positionHorizontally (152 bytes)
Event: 483.613 Thread 0x000000003a589000 nmethod 5156 0x0000000003ca52d0 code [0x0000000003ca5540, 0x0000000003ca6808]
Event: 483.613 Thread 0x000000003a589000 5160       1       com.openhtmltopdf.render.Box::setY (6 bytes)
Event: 483.613 Thread 0x000000003a589000 nmethod 5160 0x0000000003ca6e90 code [0x0000000003ca6fe0, 0x0000000003ca70f0]
Event: 483.613 Thread 0x000000003a589000 5149       3       com.openhtmltopdf.render.InlineLayoutBox::isContainsVisibleContent (93 bytes)
Event: 483.614 Thread 0x000000003a589000 nmethod 5149 0x0000000003ca7150 code [0x0000000003ca7380, 0x0000000003ca8258]
Event: 483.614 Thread 0x000000003a589000 5155       3       com.openhtmltopdf.render.InlineLayoutBox::calculateHeight (67 bytes)

GC Heap History (10 events):
Event: 411.130 GC heap before
{Heap before GC invocations=32 (full 4):
 PSYoungGen      total 2196480K, used 1091341K [0x000000066b000000, 0x0000000735a80000, 0x00000007c0000000)
  eden space 1082880K, 100% used [0x000000066b000000,0x00000006ad180000,0x00000006ad180000)
  from space 1113600K, 0% used [0x00000006ad180000,0x00000006ad9c3408,0x00000006f1100000)
  to   space 1115648K, 0% used [0x00000006f1900000,0x00000006f1900000,0x0000000735a80000)
 ParOldGen       total 6413312K, used 5593521K [0x00000003c1000000, 0x0000000548700000, 0x000000066b000000)
  object space 6413312K, 87% used [0x00000003c1000000,0x000000051666c760,0x0000000548700000)
 Metaspace       used 29891K, capacity 30539K, committed 30768K, reserved 1077248K
  class space    used 3387K, capacity 3533K, committed 3632K, reserved 1048576K
Event: 411.227 GC heap after
Heap after GC invocations=32 (full 4):
 PSYoungGen      total 2185216K, used 9653K [0x000000066b000000, 0x0000000734800000, 0x00000007c0000000)
  eden space 1088512K, 0% used [0x000000066b000000,0x000000066b000000,0x00000006ad700000)
  from space 1096704K, 0% used [0x00000006f1900000,0x00000006f226d6c8,0x0000000734800000)
  to   space 1106432K, 0% used [0x00000006ad700000,0x00000006ad700000,0x00000006f0f80000)
 ParOldGen       total 6413312K, used 5593529K [0x00000003c1000000, 0x0000000548700000, 0x000000066b000000)
  object space 6413312K, 87% used [0x00000003c1000000,0x000000051666e760,0x0000000548700000)
 Metaspace       used 29891K, capacity 30539K, committed 30768K, reserved 1077248K
  class space    used 3387K, capacity 3533K, committed 3632K, reserved 1048576K
}
Event: 424.478 GC heap before
{Heap before GC invocations=33 (full 4):
 PSYoungGen      total 2185216K, used 1098165K [0x000000066b000000, 0x0000000734800000, 0x00000007c0000000)
  eden space 1088512K, 100% used [0x000000066b000000,0x00000006ad700000,0x00000006ad700000)
  from space 1096704K, 0% used [0x00000006f1900000,0x00000006f226d6c8,0x0000000734800000)
  to   space 1106432K, 0% used [0x00000006ad700000,0x00000006ad700000,0x00000006f0f80000)
 ParOldGen       total 6413312K, used 5593529K [0x00000003c1000000, 0x0000000548700000, 0x000000066b000000)
  object space 6413312K, 87% used [0x00000003c1000000,0x000000051666e760,0x0000000548700000)
 Metaspace       used 29892K, capacity 30539K, committed 30768K, reserved 1077248K
  class space    used 3387K, capacity 3533K, committed 3632K, reserved 1048576K
Event: 424.499 GC heap after
Heap after GC invocations=33 (full 4):
 PSYoungGen      total 1096192K, used 7316K [0x000000066b000000, 0x0000000732900000, 0x00000007c0000000)
  eden space 1088512K, 0% used [0x000000066b000000,0x000000066b000000,0x00000006ad700000)
  from space 7680K, 95% used [0x00000006ad700000,0x00000006ade25178,0x00000006ade80000)
  to   space 1088000K, 0% used [0x00000006f0280000,0x00000006f0280000,0x0000000732900000)
 ParOldGen       total 6413312K, used 5593537K [0x00000003c1000000, 0x0000000548700000, 0x000000066b000000)
  object space 6413312K, 87% used [0x00000003c1000000,0x0000000516670760,0x0000000548700000)
 Metaspace       used 29892K, capacity 30539K, committed 30768K, reserved 1077248K
  class space    used 3387K, capacity 3533K, committed 3632K, reserved 1048576K
}
Event: 438.769 GC heap before
{Heap before GC invocations=34 (full 4):
 PSYoungGen      total 1096192K, used 1095828K [0x000000066b000000, 0x0000000732900000, 0x00000007c0000000)
  eden space 1088512K, 100% used [0x000000066b000000,0x00000006ad700000,0x00000006ad700000)
  from space 7680K, 95% used [0x00000006ad700000,0x00000006ade25178,0x00000006ade80000)
  to   space 1088000K, 0% used [0x00000006f0280000,0x00000006f0280000,0x0000000732900000)
 ParOldGen       total 6413312K, used 5593537K [0x00000003c1000000, 0x0000000548700000, 0x000000066b000000)
  object space 6413312K, 87% used [0x00000003c1000000,0x0000000516670760,0x0000000548700000)
 Metaspace       used 29893K, capacity 30543K, committed 30768K, reserved 1077248K
  class space    used 3387K, capacity 3533K, committed 3632K, reserved 1048576K
Event: 438.790 GC heap after
Heap after GC invocations=34 (full 4):
 PSYoungGen      total 2127360K, used 9229K [0x000000066b000000, 0x000000072f500000, 0x00000007c0000000)
  eden space 1092608K, 0% used [0x000000066b000000,0x000000066b000000,0x00000006adb00000)
  from space 1034752K, 0% used [0x00000006f0280000,0x00000006f0b83408,0x000000072f500000)
  to   space 1061888K, 0% used [0x00000006adb00000,0x00000006adb00000,0x00000006ee800000)
 ParOldGen       total 6413312K, used 5593561K [0x00000003c1000000, 0x0000000548700000, 0x000000066b000000)
  object space 6413312K, 87% used [0x00000003c1000000,0x0000000516676760,0x0000000548700000)
 Metaspace       used 29893K, capacity 30543K, committed 30768K, reserved 1077248K
  class space    used 3387K, capacity 3533K, committed 3632K, reserved 1048576K
}
Event: 461.467 GC heap before
{Heap before GC invocations=35 (full 4):
 PSYoungGen      total 2127360K, used 1101837K [0x000000066b000000, 0x000000072f500000, 0x00000007c0000000)
  eden space 1092608K, 100% used [0x000000066b000000,0x00000006adb00000,0x00000006adb00000)
  from space 1034752K, 0% used [0x00000006f0280000,0x00000006f0b83408,0x000000072f500000)
  to   space 1061888K, 0% used [0x00000006adb00000,0x00000006adb00000,0x00000006ee800000)
 ParOldGen       total 6413312K, used 5593561K [0x00000003c1000000, 0x0000000548700000, 0x000000066b000000)
  object space 6413312K, 87% used [0x00000003c1000000,0x0000000516676760,0x0000000548700000)
 Metaspace       used 29895K, capacity 30543K, committed 30768K, reserved 1077248K
  class space    used 3387K, capacity 3533K, committed 3632K, reserved 1048576K
Event: 461.548 GC heap after
Heap after GC invocations=35 (full 4):
 PSYoungGen      total 1094144K, used 1309K [0x000000066b000000, 0x000000072bf80000, 0x00000007c0000000)
  eden space 1092608K, 0% used [0x000000066b000000,0x000000066b000000,0x00000006adb00000)
  from space 1536K, 85% used [0x00000006adb00000,0x00000006adc47418,0x00000006adc80000)
  to   space 1032192K, 0% used [0x00000006ecf80000,0x00000006ecf80000,0x000000072bf80000)
 ParOldGen       total 6413312K, used 5593601K [0x00000003c1000000, 0x0000000548700000, 0x000000066b000000)
  object space 6413312K, 87% used [0x00000003c1000000,0x0000000516680760,0x0000000548700000)
 Metaspace       used 29895K, capacity 30543K, committed 30768K, reserved 1077248K
  class space    used 3387K, capacity 3533K, committed 3632K, reserved 1048576K
}
Event: 475.989 GC heap before
{Heap before GC invocations=36 (full 4):
 PSYoungGen      total 1094144K, used 1093917K [0x000000066b000000, 0x000000072bf80000, 0x00000007c0000000)
  eden space 1092608K, 100% used [0x000000066b000000,0x00000006adb00000,0x00000006adb00000)
  from space 1536K, 85% used [0x00000006adb00000,0x00000006adc47418,0x00000006adc80000)
  to   space 1032192K, 0% used [0x00000006ecf80000,0x00000006ecf80000,0x000000072bf80000)
 ParOldGen       total 6413312K, used 5593601K [0x00000003c1000000, 0x0000000548700000, 0x000000066b000000)
  object space 6413312K, 87% used [0x00000003c1000000,0x0000000516680760,0x0000000548700000)
 Metaspace       used 29895K, capacity 30543K, committed 30768K, reserved 1077248K
  class space    used 3387K, capacity 3533K, committed 3632K, reserved 1048576K
Event: 476.016 GC heap after
Heap after GC invocations=36 (full 4):
 PSYoungGen      total 2055680K, used 9749K [0x000000066b000000, 0x0000000727800000, 0x00000007c0000000)
  eden space 1096704K, 0% used [0x000000066b000000,0x000000066b000000,0x00000006adf00000)
  from space 958976K, 1% used [0x00000006ecf80000,0x00000006ed9056c8,0x0000000727800000)
  to   space 995840K, 0% used [0x00000006adf00000,0x00000006adf00000,0x00000006eab80000)
 ParOldGen       total 6413312K, used 5593625K [0x00000003c1000000, 0x0000000548700000, 0x000000066b000000)
  object space 6413312K, 87% used [0x00000003c1000000,0x0000000516686760,0x0000000548700000)
 Metaspace       used 29895K, capacity 30543K, committed 30768K, reserved 1077248K
  class space    used 3387K, capacity 3533K, committed 3632K, reserved 1048576K
}

Deoptimization events (10 events):
Event: 483.363 Thread 0x0000000002f73000 Uncommon trap: reason=class_check action=maybe_recompile pc=0x000000000387efa8 method=java.util.Collections$UnmodifiableMap$UnmodifiableEntrySet$1.hasNext()Z @ 4
Event: 483.363 Thread 0x0000000002f73000 Uncommon trap: reason=class_check action=maybe_recompile pc=0x0000000003885584 method=java.util.Collections$UnmodifiableMap$UnmodifiableEntrySet$1.next()Ljava/util/Map$Entry; @ 8
Event: 483.363 Thread 0x0000000002f73000 Uncommon trap: reason=class_check action=maybe_recompile pc=0x000000000388a008 method=java.util.Collections$UnmodifiableMap$UnmodifiableEntrySet$UnmodifiableEntry.getValue()Ljava/lang/Object; @ 4
Event: 483.363 Thread 0x0000000002f73000 Uncommon trap: reason=class_check action=maybe_recompile pc=0x0000000003885584 method=java.util.Collections$UnmodifiableMap$UnmodifiableEntrySet$1.next()Ljava/util/Map$Entry; @ 8
Event: 483.363 Thread 0x0000000002f73000 Uncommon trap: reason=class_check action=maybe_recompile pc=0x000000000388a008 method=java.util.Collections$UnmodifiableMap$UnmodifiableEntrySet$UnmodifiableEntry.getValue()Ljava/lang/Object; @ 4
Event: 483.363 Thread 0x0000000002f73000 Uncommon trap: reason=class_check action=maybe_recompile pc=0x00000000038dd4b0 method=java.util.Collections$UnmodifiableMap.entrySet()Ljava/util/Set; @ 16
Event: 483.363 Thread 0x0000000002f73000 Uncommon trap: reason=class_check action=maybe_recompile pc=0x00000000038df590 method=java.util.Collections$UnmodifiableMap$UnmodifiableEntrySet$1.<init>(Ljava/util/Collections$UnmodifiableMap$UnmodifiableEntrySet;)V @ 17
Event: 483.363 Thread 0x0000000002f73000 Uncommon trap: reason=class_check action=maybe_recompile pc=0x00000000038dd4b0 method=java.util.Collections$UnmodifiableMap.entrySet()Ljava/util/Set; @ 16
Event: 483.363 Thread 0x0000000002f73000 Uncommon trap: reason=class_check action=maybe_recompile pc=0x00000000038df590 method=java.util.Collections$UnmodifiableMap$UnmodifiableEntrySet$1.<init>(Ljava/util/Collections$UnmodifiableMap$UnmodifiableEntrySet;)V @ 17
Event: 483.398 Thread 0x0000000002f73000 Uncommon trap: reason=unstable_if action=reinterpret pc=0x000000000325d90c method=sun.nio.cs.UTF_8$Encoder.encodeArrayLoop(Ljava/nio/CharBuffer;Ljava/nio/ByteBuffer;)Ljava/nio/charset/CoderResult; @ 113

Classes redefined (0 events):
No events

Internal exceptions (10 events):
Event: 3.850 Thread 0x0000000002f73000 Implicit null exception at 0x00000000034cc298 to 0x00000000034cc326
Event: 4.193 Thread 0x0000000002f73000 Exception <a 'java/lang/ClassNotFoundException': sun/net/www/protocol/c/Handler> (0x000000066b84c360) thrown at [C:\re\workspace\8-2-build-windows-amd64-cygwin\jdk8u181\11358\hotspot\src\share\vm\classfile\systemDictionary.cpp, line 210]
Event: 4.756 Thread 0x0000000002f73000 Exception <a 'java/lang/NoSuchMethodError': java.lang.Object.lambda$comparing$77a9974f$1(Ljava/util/function/Function;Ljava/lang/Object;Ljava/lang/Object;)I> (0x0000000670ce3af0) thrown at [C:\re\workspace\8-2-build-windows-amd64-cygwin\jdk8u181\11358\hot
Event: 4.766 Thread 0x0000000002f73000 Implicit null exception at 0x0000000003779247 to 0x0000000003779461
Event: 4.841 Thread 0x0000000002f73000 Exception <a 'java/lang/UnsatisfiedLinkError': org.tensorflow.TensorFlow.version()Ljava/lang/String;> (0x0000000674414878) thrown at [C:\re\workspace\8-2-build-windows-amd64-cygwin\jdk8u181\11358\hotspot\src\share\vm\prims\nativeLookup.cpp, line 378]
Event: 304.696 Thread 0x000000003d856800 Implicit null exception at 0x00000000034e65cb to 0x00000000034e6681
Event: 334.568 Thread 0x000000003da5a800 Exception <a 'java/net/SocketTimeoutException': Read timed out> (0x000000067d5eff58) thrown at [C:\re\workspace\8-2-build-windows-amd64-cygwin\jdk8u181\11358\hotspot\src\share\vm\prims\jni.cpp, line 735]
Event: 335.171 Thread 0x000000003d856800 Exception <a 'java/net/SocketTimeoutException': Read timed out> (0x000000068053cf30) thrown at [C:\re\workspace\8-2-build-windows-amd64-cygwin\jdk8u181\11358\hotspot\src\share\vm\prims\jni.cpp, line 735]
Event: 482.897 Thread 0x0000000002f73000 Exception <a 'java/lang/IllegalStateException': OOM when allocating tensor with shape[1,16,255,64] and type float on /job:localhost/replica:0/task:0/device:CPU:0 by allocator cpu
	 [[{{node model/h2/attn/unstack}}]]
Hint: If you want to see a list of allo
Event: 483.294 Thread 0x0000000002f73000 Exception <a 'java/lang/IllegalStateException': OOM when allocating tensor with shape[1,2,16,224,64] and type float on /job:localhost/replica:0/task:0/device:CPU:0 by allocator cpu
	 [[{{node model/unstack}}]]
Hint: If you want to see a list of allocated 

Events (10 events):
Event: 483.574 Thread 0x000000003a589000 flushing nmethod 0x000000000397d690
Event: 483.574 Thread 0x000000003a589000 flushing nmethod 0x00000000039cb390
Event: 483.575 Thread 0x000000003a589000 flushing nmethod 0x00000000039df9d0
Event: 483.575 Thread 0x000000003a589000 flushing nmethod 0x00000000039e0190
Event: 483.575 Thread 0x000000003a589000 flushing nmethod 0x00000000039eb090
Event: 483.575 Thread 0x000000003a589000 flushing nmethod 0x0000000003a61350
Event: 483.576 Thread 0x000000003a57d000 flushing nmethod 0x0000000003aa7c50
Event: 483.576 Thread 0x000000003a57d000 flushing nmethod 0x0000000003aaee10
Event: 483.576 Thread 0x000000003a57d000 flushing nmethod 0x0000000003ad4310
Event: 483.576 Thread 0x000000003a57d000 flushing nmethod 0x0000000003ad6490


Dynamic libraries:
0x00007ff76ed90000 - 0x00007ff76edc7000 	C:\Program Files\Java\jdk1.8.0_181\bin\java.exe
0x00007ff851890000 - 0x00007ff851a7d000 	C:\WINDOWS\SYSTEM32\ntdll.dll
0x00007ff84ef40000 - 0x00007ff84eff3000 	C:\WINDOWS\System32\KERNEL32.DLL
0x00007ff84dba0000 - 0x00007ff84de33000 	C:\WINDOWS\System32\KERNELBASE.dll
0x00007ff84f230000 - 0x00007ff84f2d3000 	C:\WINDOWS\System32\ADVAPI32.dll
0x00007ff84f060000 - 0x00007ff84f0fe000 	C:\WINDOWS\System32\msvcrt.dll
0x00007ff8501e0000 - 0x00007ff85027e000 	C:\WINDOWS\System32\sechost.dll
0x00007ff84fd60000 - 0x00007ff84fe82000 	C:\WINDOWS\System32\RPCRT4.dll
0x00007ff84fa90000 - 0x00007ff84fc27000 	C:\WINDOWS\System32\USER32.dll
0x00007ff84dff0000 - 0x00007ff84e010000 	C:\WINDOWS\System32\win32u.dll
0x00007ff84ed20000 - 0x00007ff84ed49000 	C:\WINDOWS\System32\GDI32.dll
0x00007ff84da00000 - 0x00007ff84db9a000 	C:\WINDOWS\System32\gdi32full.dll
0x00007ff84d960000 - 0x00007ff84da00000 	C:\WINDOWS\System32\msvcp_win.dll
0x00007ff84dec0000 - 0x00007ff84dfba000 	C:\WINDOWS\System32\ucrtbase.dll
0x00007ff83e080000 - 0x00007ff83e2f9000 	C:\WINDOWS\WinSxS\amd64_microsoft.windows.common-controls_6595b64144ccf1df_6.0.17763.503_none_05b23ef40721f4ae\COMCTL32.dll
0x00007ff84f760000 - 0x00007ff84fa8c000 	C:\WINDOWS\System32\combase.dll
0x00007ff84de40000 - 0x00007ff84debe000 	C:\WINDOWS\System32\bcryptPrimitives.dll
0x00007ff84fea0000 - 0x00007ff84fece000 	C:\WINDOWS\System32\IMM32.DLL
0x000000006dcd0000 - 0x000000006dda2000 	C:\Program Files\Java\jdk1.8.0_181\jre\bin\msvcr100.dll
0x000000006d420000 - 0x000000006dcc2000 	C:\Program Files\Java\jdk1.8.0_181\jre\bin\server\jvm.dll
0x00007ff84eb40000 - 0x00007ff84eb48000 	C:\WINDOWS\System32\PSAPI.DLL
0x00007ff8496c0000 - 0x00007ff8496c9000 	C:\WINDOWS\SYSTEM32\WSOCK32.dll
0x00007ff83d180000 - 0x00007ff83d1a4000 	C:\WINDOWS\SYSTEM32\WINMM.dll
0x00007ff84ee00000 - 0x00007ff84ee6d000 	C:\WINDOWS\System32\WS2_32.dll
0x00007ff8481e0000 - 0x00007ff8481ea000 	C:\WINDOWS\SYSTEM32\VERSION.dll
0x00007ff83d0b0000 - 0x00007ff83d0dd000 	C:\WINDOWS\SYSTEM32\WINMMBASE.dll
0x00007ff84e870000 - 0x00007ff84e8ba000 	C:\WINDOWS\System32\cfgmgr32.dll
0x000000006d410000 - 0x000000006d41f000 	C:\Program Files\Java\jdk1.8.0_181\jre\bin\verify.dll
0x000000006d3e0000 - 0x000000006d409000 	C:\Program Files\Java\jdk1.8.0_181\jre\bin\java.dll
0x000000006d220000 - 0x000000006d243000 	C:\Program Files\Java\jdk1.8.0_181\jre\bin\instrument.dll
0x000000006d3c0000 - 0x000000006d3d6000 	C:\Program Files\Java\jdk1.8.0_181\jre\bin\zip.dll
0x00007ff850280000 - 0x00007ff851770000 	C:\WINDOWS\System32\SHELL32.dll
0x00007ff84fcb0000 - 0x00007ff84fd58000 	C:\WINDOWS\System32\shcore.dll
0x00007ff84e0c0000 - 0x00007ff84e80a000 	C:\WINDOWS\System32\windows.storage.dll
0x00007ff84d8b0000 - 0x00007ff84d8d4000 	C:\WINDOWS\System32\profapi.dll
0x00007ff84d8e0000 - 0x00007ff84d93d000 	C:\WINDOWS\System32\powrprof.dll
0x00007ff84eac0000 - 0x00007ff84eb12000 	C:\WINDOWS\System32\shlwapi.dll
0x00007ff84d890000 - 0x00007ff84d8a1000 	C:\WINDOWS\System32\kernel.appcore.dll
0x00007ff84e8c0000 - 0x00007ff84e8d7000 	C:\WINDOWS\System32\cryptsp.dll
0x00007ff8431e0000 - 0x00007ff8431fa000 	C:\Program Files\JetBrains\IntelliJ IDEA Community Edition 2018.1\bin\breakgen64.dll
0x000000006d3a0000 - 0x000000006d3ba000 	C:\Program Files\Java\jdk1.8.0_181\jre\bin\net.dll
0x00007ff84d110000 - 0x00007ff84d177000 	C:\WINDOWS\system32\mswsock.dll
0x00007ff84ccd0000 - 0x00007ff84cd03000 	C:\WINDOWS\system32\rsaenh.dll
0x00007ff84dfc0000 - 0x00007ff84dfe6000 	C:\WINDOWS\System32\bcrypt.dll
0x00007ff84d7c0000 - 0x00007ff84d7e8000 	C:\WINDOWS\SYSTEM32\USERENV.dll
0x00007ff84d2e0000 - 0x00007ff84d2ec000 	C:\WINDOWS\SYSTEM32\CRYPTBASE.dll
0x00007ff84ce70000 - 0x00007ff84cead000 	C:\WINDOWS\SYSTEM32\IPHLPAPI.DLL
0x00007ff8517d0000 - 0x00007ff8517d8000 	C:\WINDOWS\System32\NSI.dll
0x00007ff8485b0000 - 0x00007ff8485c6000 	C:\WINDOWS\SYSTEM32\dhcpcsvc6.DLL
0x00007ff848490000 - 0x00007ff8484ac000 	C:\WINDOWS\SYSTEM32\dhcpcsvc.DLL
0x00007ff84ceb0000 - 0x00007ff84cf76000 	C:\WINDOWS\SYSTEM32\DNSAPI.dll
0x000000006d380000 - 0x000000006d391000 	C:\Program Files\Java\jdk1.8.0_181\jre\bin\nio.dll
0x000000006d080000 - 0x000000006d219000 	C:\Program Files\Java\jdk1.8.0_181\jre\bin\awt.dll
0x00007ff84ee70000 - 0x00007ff84ef34000 	C:\WINDOWS\System32\OLEAUT32.dll
0x00007ff84b880000 - 0x00007ff84b90c000 	C:\WINDOWS\SYSTEM32\apphelp.dll
0x00007ff84ba00000 - 0x00007ff84ba9c000 	C:\WINDOWS\system32\uxtheme.dll
0x00007ff84eb50000 - 0x00007ff84ecba000 	C:\WINDOWS\System32\MSCTF.dll
0x00007ff84bec0000 - 0x00007ff84beee000 	C:\WINDOWS\system32\dwmapi.dll
0x00007ff84e8e0000 - 0x00007ff84eabb000 	C:\WINDOWS\System32\CRYPT32.dll
0x00007ff84d940000 - 0x00007ff84d952000 	C:\WINDOWS\System32\MSASN1.dll
0x00007ff850080000 - 0x00007ff8501d5000 	C:\WINDOWS\System32\ole32.dll
0x000000006d040000 - 0x000000006d07e000 	C:\Program Files\Java\jdk1.8.0_181\jre\bin\lcms.dll
0x000000006d290000 - 0x000000006d29d000 	C:\Program Files\Java\jdk1.8.0_181\jre\bin\management.dll
0x00007fffeafb0000 - 0x00007fffef8ff000 	C:\Users\andre\AppData\Local\Temp\tensorflow_native_libraries-1558889334621-0\tensorflow_jni.dll
0x00007ff83dd60000 - 0x00007ff83ddff000 	C:\WINDOWS\SYSTEM32\MSVCP140.dll
0x00007ff83de00000 - 0x00007ff83de16000 	C:\WINDOWS\SYSTEM32\VCRUNTIME140.dll

VM Arguments:
jvm_args: -ea -Didea.test.cyclic.buffer.size=104857600 -javaagent:C:\Program Files\JetBrains\IntelliJ IDEA Community Edition 2018.1\lib\idea_rt.jar=53260:C:\Program Files\JetBrains\IntelliJ IDEA Community Edition 2018.1\bin -Dfile.encoding=UTF-8 
java_command: com.intellij.rt.execution.junit.JUnitStarter -ideVersion5 -junit4 com.simiacryptus.text.gpt2.TextGenerationDemo,generateCommentary
java_class_path (initial): C:\Users\andre\AppData\Local\Temp\classpath848887576.jar;C:\Program Files\JetBrains\IntelliJ IDEA Community Edition 2018.1\lib\idea_rt.jar
Launcher Type: SUN_STANDARD

Environment Variables:
PATH=C:\Program Files\NVIDIA GPU Computing Toolkit\CUDA\v10.0\bin;C:\Program Files\NVIDIA GPU Computing Toolkit\CUDA\v10.0\libnvvp;C:\Program Files (x86)\Common Files\Oracle\Java\javapath;C:\Program Files\NVIDIA GPU Computing Toolkit\CUDA\v9.1\bin;C:\Program Files\NVIDIA GPU Computing Toolkit\CUDA\v9.1\libnvvp;C:\Program Files\Oculus\Support\oculus-runtime;C:\ProgramData\Oracle\Java\javapath;C:\Program Files\NVIDIA GPU Computing Toolkit\CUDA\v8.0\bin;C:\Program Files\NVIDIA GPU Computing Toolkit\CUDA\v8.0\libnvvp;C:\WINDOWS\system32;C:\WINDOWS;C:\WINDOWS\System32\Wbem;C:\WINDOWS\System32\WindowsPowerShell\v1.0\;C:\Program Files (x86)\NVIDIA Corporation\PhysX\Common;D:\Program Files\Git\cmd;D:\Program Files\PuTTY\;C:\Program Files\CMake\bin;C:\Program Files\Microsoft SQL Server\130\Tools\Binn\;C:\Program Files\dotnet\;C:\Users\andre\.dnx\bin;C:\Program Files\Microsoft DNX\Dnvm\;C:\Program Files\Microsoft SQL Server\120\Tools\Binn\;C:\WINDOWS\SysWOW64\WindowsPowerShell\v1.0\Modules\TShell\TShell\;C:\Program Files\Git LFS;C:\Program Files\Amazon\AWSCLI\;C:\WINDOWS\system32;C:\WINDOWS;C:\WINDOWS\System32\Wbem;C:\WINDOWS\System32\WindowsPowerShell\v1.0\;C:\WINDOWS\System32\OpenSSH\;C:\Program Files\NVIDIA Corporation\NVIDIA NvDLISR;C:\Program Files\PuTTY\;C:\Users\andre\AppData\Local\Microsoft\WindowsApps;C:\Users\andre\AppData\Local\GitHubDesktop\bin;%USERPROFILE%\AppData\Local\Microsoft\WindowsApps;
USERNAME=andre
OS=Windows_NT
PROCESSOR_IDENTIFIER=AMD64 Family 23 Model 1 Stepping 1, AuthenticAMD



---------------  S Y S T E M  ---------------

OS: Windows 10.0 , 64 bit Build 17763 (10.0.17763.475)

CPU:total 12 (initial active 12) (12 cores per cpu, 1 threads per core) family 23 model 1 stepping 1, cmov, cx8, fxsr, mmx, sse, sse2, sse3, ssse3, sse4.1, sse4.2, popcnt, avx, avx2, aes, clmul, mmxext, 3dnowpref, lzcnt, sse4a, tsc, tscinvbit, tscinv, bmi1

Memory: 4k page, physical 67039432k(623528k free), swap 96344260k(4796k free)

vm_info: Java HotSpot(TM) 64-Bit Server VM (25.181-b13) for windows-amd64 JRE (1.8.0_181-b13), built on Jul  7 2018 04:01:33 by "java_re" with MS VC++ 10.0 (VS2010)

time: Sun May 26 09:56:53 2019
elapsed time: 483 seconds (0d 0h 8m 3s)

