#
# There is insufficient memory for the Java Runtime Environment to continue.
# Native memory allocation (malloc) failed to allocate 381856 bytes for Chunk::new
# Possible reasons:
#   The system is out of physical RAM or swap space
#   In 32 bit mode, the process size limit was hit
# Possible solutions:
#   Reduce memory load on the system
#   Increase physical memory or swap space
#   Check if swap backing store is full
#   Use 64 bit Java on a 64 bit OS
#   Decrease Java heap size (-Xmx/-Xms)
#   Decrease number of Java threads
#   Decrease Java thread stack sizes (-Xss)
#   Set larger code cache with -XX:ReservedCodeCacheSize=
# This output file may be truncated or incomplete.
#
#  Out of Memory Error (allocation.cpp:390), pid=3612, tid=0x0000000000004b24
#
# JRE version: Java(TM) SE Runtime Environment (8.0_181-b13) (build 1.8.0_181-b13)
# Java VM: Java HotSpot(TM) 64-Bit Server VM (25.181-b13 mixed mode windows-amd64 compressed oops)
# Failed to write core dump. Minidumps are not enabled by default on client versions of Windows
#

---------------  T H R E A D  ---------------

Current thread (0x0000000039fae000):  JavaThread "C2 CompilerThread0" daemon [_thread_in_native, id=19236, stack(0x000000003b680000,0x000000003b780000)]

Stack: [0x000000003b680000,0x000000003b780000]
[error occurred during error reporting (printing stack bounds), id 0xc0000005]

Native frames: (J=compiled Java code, j=interpreted, Vv=VM code, C=native code)


Current CompileTask:
C2: 482596 4740 %     4       com.openhtmltopdf.css.newmatch.Matcher$Mapper::mapChild @ 60 (514 bytes)


---------------  P R O C E S S  ---------------

Java Threads: ( => current thread )
  0x000000003a189000 JavaThread "AWT-Windows" daemon [_thread_in_native, id=11952, stack(0x00000000419a0000,0x0000000041aa0000)]
  0x000000003cc14000 JavaThread "Java2D Disposer" daemon [_thread_blocked, id=5152, stack(0x00000000417a0000,0x00000000418a0000)]
  0x000000003cd50000 JavaThread "NanoHttpd Main Listener" daemon [_thread_in_native, id=17364, stack(0x00000000416a0000,0x00000000417a0000)]
  0x000000003a05d000 JavaThread "Service Thread" daemon [_thread_blocked, id=13660, stack(0x000000003ba80000,0x000000003bb80000)]
  0x0000000039fb5800 JavaThread "C1 CompilerThread3" daemon [_thread_in_vm, id=16624, stack(0x000000003b980000,0x000000003ba80000)]
  0x0000000039fb4800 JavaThread "C2 CompilerThread2" daemon [_thread_in_native, id=12320, stack(0x000000003b880000,0x000000003b980000)]
  0x0000000039fb4000 JavaThread "C2 CompilerThread1" daemon [_thread_in_native, id=18804, stack(0x000000003b780000,0x000000003b880000)]
=>0x0000000039fae000 JavaThread "C2 CompilerThread0" daemon [_thread_in_native, id=19236, stack(0x000000003b680000,0x000000003b780000)]
  0x0000000039fab000 JavaThread "Monitor Ctrl-Break" daemon [_thread_in_native, id=10524, stack(0x000000003b580000,0x000000003b680000)]
  0x0000000039f40800 JavaThread "Attach Listener" daemon [_thread_blocked, id=13648, stack(0x000000003b480000,0x000000003b580000)]
  0x0000000039f3f800 JavaThread "Signal Dispatcher" daemon [_thread_blocked, id=13592, stack(0x000000003b380000,0x000000003b480000)]
  0x0000000039f23800 JavaThread "Finalizer" daemon [_thread_blocked, id=4528, stack(0x000000003b180000,0x000000003b280000)]
  0x000000003882d000 JavaThread "Reference Handler" daemon [_thread_blocked, id=13320, stack(0x000000003b080000,0x000000003b180000)]
  0x0000000002973800 JavaThread "main" [_thread_in_native, id=12088, stack(0x00000000026f0000,0x00000000027f0000)]

Other Threads:
  0x0000000039f02800 VMThread [stack: 0x000000003af80000,0x000000003b080000] [id=8452]
  0x000000003a06b000 WatcherThread [stack: 0x000000003bb80000,0x000000003bc80000] [id=16560]

VM state:not at safepoint (normal execution)

VM Mutex/Monitor currently owned by a thread: None

Heap:
 PSYoungGen      total 2648064K, used 1702609K [0x000000066b000000, 0x000000075f200000, 0x00000007c0000000)
  eden space 1313792K, 68% used [0x000000066b000000,0x00000006a20e59d0,0x00000006bb300000)
  from space 1334272K, 60% used [0x000000070db00000,0x000000073e8ceb78,0x000000075f200000)
  to   space 1342976K, 0% used [0x00000006bb300000,0x00000006bb300000,0x000000070d280000)
 ParOldGen       total 6261760K, used 4801363K [0x00000003c1000000, 0x000000053f300000, 0x000000066b000000)
  object space 6261760K, 76% used [0x00000003c1000000,0x00000004e60d4c00,0x000000053f300000)
 Metaspace       used 29960K, capacity 30605K, committed 30720K, reserved 1077248K
  class space    used 3396K, capacity 3558K, committed 3584K, reserved 1048576K

Card table byte_map: [0x0000000011e30000,0x0000000013e30000] byte_map_base: 0x0000000010028000

Marking Bits: (ParMarkBitMap*) 0x000000006dc42d00
 Begin Bits: [0x0000000015d80000, 0x0000000025d40000)
 End Bits:   [0x0000000025d40000, 0x0000000035d00000)

Polling page: 0x00000000003d0000

CodeCache: size=245760Kb used=11369Kb max_used=11372Kb free=234390Kb
 bounds [0x0000000002a70000, 0x00000000035a0000, 0x0000000011a70000]
 total_blobs=4345 nmethods=3806 adapters=451
 compilation: enabled

Compilation events (10 events):
Event: 482.533 Thread 0x0000000039fb5800 4744       3       com.openhtmltopdf.context.StandardAttributeResolver::isLink (22 bytes)
Event: 482.533 Thread 0x0000000039fb5800 nmethod 4744 0x000000000359a8d0 code [0x000000000359aa40, 0x000000000359adc8]
Event: 482.533 Thread 0x0000000039fb5800 4733       1       java.util.TreeMap::size (5 bytes)
Event: 482.533 Thread 0x0000000039fb5800 nmethod 4733 0x000000000358cdd0 code [0x000000000358cf20, 0x000000000358d030]
Event: 482.533 Thread 0x0000000039fb5800 4750       1       com.openhtmltopdf.layout.BoxBuilder$ChildBoxInfo::isContainsTableContent (5 bytes)
Event: 482.533 Thread 0x0000000039fb5800 nmethod 4750 0x0000000003593610 code [0x0000000003593760, 0x0000000003593870]
Event: 482.535 Thread 0x0000000039fb5800 4773       3       com.openhtmltopdf.css.style.CalculatedStyle::establishesBFC (84 bytes)
Event: 482.536 Thread 0x0000000039fb5800 nmethod 4773 0x0000000003592250 code [0x0000000003592460, 0x0000000003593298]
Event: 482.572 Thread 0x0000000039fb4000 4800       4       org.apache.pdfbox.cos.COSStream$1::write (11 bytes)
Event: 482.572 Thread 0x0000000039fb4800 4801       4       org.apache.pdfbox.cos.COSOutputStream::write (11 bytes)

GC Heap History (10 events):
Event: 293.226 GC heap before
{Heap before GC invocations=18 (full 4):
 PSYoungGen      total 2323456K, used 1900337K [0x000000066b000000, 0x0000000751580000, 0x00000007c0000000)
  eden space 1101824K, 100% used [0x000000066b000000,0x00000006ae400000,0x00000006ae400000)
  from space 1221632K, 65% used [0x00000006ae400000,0x00000006defcc670,0x00000006f8d00000)
  to   space 1268224K, 0% used [0x0000000703f00000,0x0000000703f00000,0x0000000751580000)
 ParOldGen       total 6261760K, used 4801331K [0x00000003c1000000, 0x000000053f300000, 0x000000066b000000)
  object space 6261760K, 76% used [0x00000003c1000000,0x00000004e60ccc00,0x000000053f300000)
 Metaspace       used 28348K, capacity 28885K, committed 29072K, reserved 1075200K
  class space    used 3273K, capacity 3390K, committed 3456K, reserved 1048576K
Event: 293.315 GC heap after
Heap after GC invocations=18 (full 4):
 PSYoungGen      total 2471424K, used 800430K [0x000000066b000000, 0x0000000753e80000, 0x00000007c0000000)
  eden space 1203200K, 0% used [0x000000066b000000,0x000000066b000000,0x00000006b4700000)
  from space 1268224K, 63% used [0x0000000703f00000,0x0000000734cab868,0x0000000751580000)
  to   space 1302528K, 0% used [0x00000006b4700000,0x00000006b4700000,0x0000000703f00000)
 ParOldGen       total 6261760K, used 4801331K [0x00000003c1000000, 0x000000053f300000, 0x000000066b000000)
  object space 6261760K, 76% used [0x00000003c1000000,0x00000004e60ccc00,0x000000053f300000)
 Metaspace       used 28348K, capacity 28885K, committed 29072K, reserved 1075200K
  class space    used 3273K, capacity 3390K, committed 3456K, reserved 1048576K
}
Event: 321.190 GC heap before
{Heap before GC invocations=19 (full 4):
 PSYoungGen      total 2471424K, used 2003630K [0x000000066b000000, 0x0000000753e80000, 0x00000007c0000000)
  eden space 1203200K, 100% used [0x000000066b000000,0x00000006b4700000,0x00000006b4700000)
  from space 1268224K, 63% used [0x0000000703f00000,0x0000000734cab868,0x0000000751580000)
  to   space 1302528K, 0% used [0x00000006b4700000,0x00000006b4700000,0x0000000703f00000)
 ParOldGen       total 6261760K, used 4801331K [0x00000003c1000000, 0x000000053f300000, 0x000000066b000000)
  object space 6261760K, 76% used [0x00000003c1000000,0x00000004e60ccc00,0x000000053f300000)
 Metaspace       used 29384K, capacity 29991K, committed 30208K, reserved 1077248K
  class space    used 3376K, capacity 3525K, committed 3584K, reserved 1048576K
Event: 321.268 GC heap after
Heap after GC invocations=19 (full 4):
 PSYoungGen      total 2505728K, used 794220K [0x000000066b000000, 0x000000075bb00000, 0x00000007c0000000)
  eden space 1203200K, 0% used [0x000000066b000000,0x000000066b000000,0x00000006b4700000)
  from space 1302528K, 60% used [0x00000006b4700000,0x00000006e4e9b290,0x0000000703f00000)
  to   space 1322496K, 0% used [0x000000070af80000,0x000000070af80000,0x000000075bb00000)
 ParOldGen       total 6261760K, used 4801339K [0x00000003c1000000, 0x000000053f300000, 0x000000066b000000)
  object space 6261760K, 76% used [0x00000003c1000000,0x00000004e60cec00,0x000000053f300000)
 Metaspace       used 29384K, capacity 29991K, committed 30208K, reserved 1077248K
  class space    used 3376K, capacity 3525K, committed 3584K, reserved 1048576K
}
Event: 355.021 GC heap before
{Heap before GC invocations=20 (full 4):
 PSYoungGen      total 2505728K, used 1997420K [0x000000066b000000, 0x000000075bb00000, 0x00000007c0000000)
  eden space 1203200K, 100% used [0x000000066b000000,0x00000006b4700000,0x00000006b4700000)
  from space 1302528K, 60% used [0x00000006b4700000,0x00000006e4e9b290,0x0000000703f00000)
  to   space 1322496K, 0% used [0x000000070af80000,0x000000070af80000,0x000000075bb00000)
 ParOldGen       total 6261760K, used 4801339K [0x00000003c1000000, 0x000000053f300000, 0x000000066b000000)
  object space 6261760K, 76% used [0x00000003c1000000,0x00000004e60cec00,0x000000053f300000)
 Metaspace       used 29388K, capacity 29991K, committed 30208K, reserved 1077248K
  class space    used 3378K, capacity 3525K, committed 3584K, reserved 1048576K
Event: 355.103 GC heap after
Heap after GC invocations=20 (full 4):
 PSYoungGen      total 2601472K, used 800650K [0x000000066b000000, 0x000000075c300000, 0x00000007c0000000)
  eden space 1278976K, 0% used [0x000000066b000000,0x000000066b000000,0x00000006b9100000)
  from space 1322496K, 60% used [0x000000070af80000,0x000000073bd62bc8,0x000000075bb00000)
  to   space 1336320K, 0% used [0x00000006b9100000,0x00000006b9100000,0x000000070aa00000)
 ParOldGen       total 6261760K, used 4801347K [0x00000003c1000000, 0x000000053f300000, 0x000000066b000000)
  object space 6261760K, 76% used [0x00000003c1000000,0x00000004e60d0c00,0x000000053f300000)
 Metaspace       used 29388K, capacity 29991K, committed 30208K, reserved 1077248K
  class space    used 3378K, capacity 3525K, committed 3584K, reserved 1048576K
}
Event: 412.389 GC heap before
{Heap before GC invocations=21 (full 4):
 PSYoungGen      total 2601472K, used 2079626K [0x000000066b000000, 0x000000075c300000, 0x00000007c0000000)
  eden space 1278976K, 100% used [0x000000066b000000,0x00000006b9100000,0x00000006b9100000)
  from space 1322496K, 60% used [0x000000070af80000,0x000000073bd62bc8,0x000000075bb00000)
  to   space 1336320K, 0% used [0x00000006b9100000,0x00000006b9100000,0x000000070aa00000)
 ParOldGen       total 6261760K, used 4801347K [0x00000003c1000000, 0x000000053f300000, 0x000000066b000000)
  object space 6261760K, 76% used [0x00000003c1000000,0x00000004e60d0c00,0x000000053f300000)
 Metaspace       used 29683K, capacity 30247K, committed 30464K, reserved 1077248K
  class space    used 3378K, capacity 3525K, committed 3584K, reserved 1048576K
Event: 412.523 GC heap after
Heap after GC invocations=21 (full 4):
 PSYoungGen      total 2615296K, used 807096K [0x000000066b000000, 0x000000075fb80000, 0x00000007c0000000)
  eden space 1278976K, 0% used [0x000000066b000000,0x000000066b000000,0x00000006b9100000)
  from space 1336320K, 60% used [0x00000006b9100000,0x00000006ea52e150,0x000000070aa00000)
  to   space 1344000K, 0% used [0x000000070db00000,0x000000070db00000,0x000000075fb80000)
 ParOldGen       total 6261760K, used 4801355K [0x00000003c1000000, 0x000000053f300000, 0x000000066b000000)
  object space 6261760K, 76% used [0x00000003c1000000,0x00000004e60d2c00,0x000000053f300000)
 Metaspace       used 29683K, capacity 30247K, committed 30464K, reserved 1077248K
  class space    used 3378K, capacity 3525K, committed 3584K, reserved 1048576K
}
Event: 453.961 GC heap before
{Heap before GC invocations=22 (full 4):
 PSYoungGen      total 2615296K, used 2086072K [0x000000066b000000, 0x000000075fb80000, 0x00000007c0000000)
  eden space 1278976K, 100% used [0x000000066b000000,0x00000006b9100000,0x00000006b9100000)
  from space 1336320K, 60% used [0x00000006b9100000,0x00000006ea52e150,0x000000070aa00000)
  to   space 1344000K, 0% used [0x000000070db00000,0x000000070db00000,0x000000075fb80000)
 ParOldGen       total 6261760K, used 4801355K [0x00000003c1000000, 0x000000053f300000, 0x000000066b000000)
  object space 6261760K, 76% used [0x00000003c1000000,0x00000004e60d2c00,0x000000053f300000)
 Metaspace       used 29687K, capacity 30247K, committed 30464K, reserved 1077248K
  class space    used 3378K, capacity 3525K, committed 3584K, reserved 1048576K
Event: 454.119 GC heap after
Heap after GC invocations=22 (full 4):
 PSYoungGen      total 2648064K, used 800570K [0x000000066b000000, 0x000000075f200000, 0x00000007c0000000)
  eden space 1313792K, 0% used [0x000000066b000000,0x000000066b000000,0x00000006bb300000)
  from space 1334272K, 60% used [0x000000070db00000,0x000000073e8ceb78,0x000000075f200000)
  to   space 1342976K, 0% used [0x00000006bb300000,0x00000006bb300000,0x000000070d280000)
 ParOldGen       total 6261760K, used 4801363K [0x00000003c1000000, 0x000000053f300000, 0x000000066b000000)
  object space 6261760K, 76% used [0x00000003c1000000,0x00000004e60d4c00,0x000000053f300000)
 Metaspace       used 29687K, capacity 30247K, committed 30464K, reserved 1077248K
  class space    used 3378K, capacity 3525K, committed 3584K, reserved 1048576K
}

Deoptimization events (10 events):
Event: 482.110 Thread 0x0000000002973800 Uncommon trap: reason=class_check action=maybe_recompile pc=0x000000000328ee28 method=java.util.Collections$UnmodifiableMap$UnmodifiableEntrySet$1.hasNext()Z @ 4
Event: 482.110 Thread 0x0000000002973800 Uncommon trap: reason=class_check action=maybe_recompile pc=0x000000000329f5c4 method=java.util.Collections$UnmodifiableMap$UnmodifiableEntrySet$1.next()Ljava/util/Map$Entry; @ 8
Event: 482.110 Thread 0x0000000002973800 Uncommon trap: reason=class_check action=maybe_recompile pc=0x000000000329e388 method=java.util.Collections$UnmodifiableMap$UnmodifiableEntrySet$UnmodifiableEntry.getValue()Ljava/lang/Object; @ 4
Event: 482.110 Thread 0x0000000002973800 Uncommon trap: reason=class_check action=maybe_recompile pc=0x000000000329f5c4 method=java.util.Collections$UnmodifiableMap$UnmodifiableEntrySet$1.next()Ljava/util/Map$Entry; @ 8
Event: 482.110 Thread 0x0000000002973800 Uncommon trap: reason=class_check action=maybe_recompile pc=0x000000000329e388 method=java.util.Collections$UnmodifiableMap$UnmodifiableEntrySet$UnmodifiableEntry.getValue()Ljava/lang/Object; @ 4
Event: 482.110 Thread 0x0000000002973800 Uncommon trap: reason=class_check action=maybe_recompile pc=0x00000000032f0e30 method=java.util.Collections$UnmodifiableMap.entrySet()Ljava/util/Set; @ 16
Event: 482.110 Thread 0x0000000002973800 Uncommon trap: reason=class_check action=maybe_recompile pc=0x00000000032fa690 method=java.util.Collections$UnmodifiableMap$UnmodifiableEntrySet$1.<init>(Ljava/util/Collections$UnmodifiableMap$UnmodifiableEntrySet;)V @ 17
Event: 482.110 Thread 0x0000000002973800 Uncommon trap: reason=class_check action=maybe_recompile pc=0x00000000032f0e30 method=java.util.Collections$UnmodifiableMap.entrySet()Ljava/util/Set; @ 16
Event: 482.110 Thread 0x0000000002973800 Uncommon trap: reason=class_check action=maybe_recompile pc=0x00000000032fa690 method=java.util.Collections$UnmodifiableMap$UnmodifiableEntrySet$1.<init>(Ljava/util/Collections$UnmodifiableMap$UnmodifiableEntrySet;)V @ 17
Event: 482.569 Thread 0x0000000002973800 Uncommon trap: reason=array_check action=maybe_recompile pc=0x000000000352cef0 method=java.util.TimSort.reverseRange([Ljava/lang/Object;II)V @ 27

Classes redefined (0 events):
No events

Internal exceptions (10 events):
Event: 10.460 Thread 0x0000000002973800 Exception <a 'java/lang/NoSuchMethodError': java.lang.Object.lambda$comparing$77a9974f$1(Ljava/util/function/Function;Ljava/lang/Object;Ljava/lang/Object;)I> (0x0000000670c7c4b0) thrown at [C:\re\workspace\8-2-build-windows-amd64-cygwin\jdk8u181\11358\hot
Event: 10.470 Thread 0x0000000002973800 Implicit null exception at 0x000000000319c087 to 0x000000000319c2a9
Event: 338.305 Thread 0x000000003d9cd800 Exception <a 'java/net/SocketTimeoutException': Read timed out> (0x00000006900732c0) thrown at [C:\re\workspace\8-2-build-windows-amd64-cygwin\jdk8u181\11358\hotspot\src\share\vm\prims\jni.cpp, line 735]
Event: 338.692 Thread 0x000000003c7b4800 Exception <a 'java/net/SocketTimeoutException': Read timed out> (0x00000006922f3c28) thrown at [C:\re\workspace\8-2-build-windows-amd64-cygwin\jdk8u181\11358\hotspot\src\share\vm\prims\jni.cpp, line 735]
Event: 480.955 Thread 0x0000000002973800 Exception <a 'java/lang/IllegalStateException': OOM when allocating tensor with shape[1,2,16,254,64] and type float on /job:localhost/replica:0/task:0/device:CPU:0 by allocator cpu
	 [[{{node model/unstack}}]]
Hint: If you want to see a list of allocated 
Event: 481.326 Thread 0x0000000002973800 Exception <a 'java/lang/IllegalStateException': OOM when allocating tensor with shape[1,2,16,247,64] and type float on /job:localhost/replica:0/task:0/device:CPU:0 by allocator cpu
	 [[{{node model/unstack}}]]
Hint: If you want to see a list of allocated 
Event: 481.496 Thread 0x0000000002973800 Exception <a 'java/lang/IllegalStateException': OOM when allocating tensor with shape[1,2,16,247,64] and type float on /job:localhost/replica:0/task:0/device:CPU:0 by allocator cpu
	 [[{{node model/unstack}}]]
Hint: If you want to see a list of allocated 
Event: 481.659 Thread 0x0000000002973800 Exception <a 'java/lang/IllegalStateException': OOM when allocating tensor with shape[1,2,16,247,64] and type float on /job:localhost/replica:0/task:0/device:CPU:0 by allocator cpu
	 [[{{node model/unstack}}]]
Hint: If you want to see a list of allocated 
Event: 481.830 Thread 0x0000000002973800 Exception <a 'java/lang/IllegalStateException': OOM when allocating tensor with shape[1,2,16,247,64] and type float on /job:localhost/replica:0/task:0/device:CPU:0 by allocator cpu
	 [[{{node model/unstack}}]]
Hint: If you want to see a list of allocated 
Event: 481.940 Thread 0x0000000002973800 Exception <a 'java/lang/IllegalStateException': OOM when allocating tensor with shape[1,2,16,247,64] and type float on /job:localhost/replica:0/task:0/device:CPU:0 by allocator cpu
	 [[{{node model/unstack}}]]
Hint: If you want to see a list of allocated 

Events (10 events):
Event: 482.535 Executing VM operation: RevokeBias done
Event: 482.535 Executing VM operation: RevokeBias
Event: 482.535 Executing VM operation: RevokeBias done
Event: 482.535 Executing VM operation: BulkRevokeBias
Event: 482.535 Executing VM operation: BulkRevokeBias done
Event: 482.536 Thread 0x0000000039fb5800 flushing nmethod 0x0000000002b72610
Event: 482.542 Thread 0x0000000039fb5800 flushing nmethod 0x0000000002b8c210
Event: 482.569 Thread 0x0000000002973800 Uncommon trap: trap_request=0xffffffd6 fr.pc=0x000000000352cef0
Event: 482.569 Thread 0x0000000002973800 DEOPT PACKING pc=0x000000000352cef0 sp=0x00000000027ed890
Event: 482.569 Thread 0x0000000002973800 DEOPT UNPACKING pc=0x0000000002ab583b sp=0x00000000027ed7d0 mode 2


Dynamic libraries:
0x00007ff76ed90000 - 0x00007ff76edc7000 	C:\Program Files\Java\jdk1.8.0_181\bin\java.exe
0x00007ff851890000 - 0x00007ff851a7d000 	C:\WINDOWS\SYSTEM32\ntdll.dll
0x00007ff84ef40000 - 0x00007ff84eff3000 	C:\WINDOWS\System32\KERNEL32.DLL
0x00007ff84dba0000 - 0x00007ff84de33000 	C:\WINDOWS\System32\KERNELBASE.dll
0x00007ff84f230000 - 0x00007ff84f2d3000 	C:\WINDOWS\System32\ADVAPI32.dll
0x00007ff84f060000 - 0x00007ff84f0fe000 	C:\WINDOWS\System32\msvcrt.dll
0x00007ff8501e0000 - 0x00007ff85027e000 	C:\WINDOWS\System32\sechost.dll
0x00007ff84fd60000 - 0x00007ff84fe82000 	C:\WINDOWS\System32\RPCRT4.dll
0x00007ff84fa90000 - 0x00007ff84fc27000 	C:\WINDOWS\System32\USER32.dll
0x00007ff84dff0000 - 0x00007ff84e010000 	C:\WINDOWS\System32\win32u.dll
0x00007ff84ed20000 - 0x00007ff84ed49000 	C:\WINDOWS\System32\GDI32.dll
0x00007ff84da00000 - 0x00007ff84db9a000 	C:\WINDOWS\System32\gdi32full.dll
0x00007ff84d960000 - 0x00007ff84da00000 	C:\WINDOWS\System32\msvcp_win.dll
0x00007ff84dec0000 - 0x00007ff84dfba000 	C:\WINDOWS\System32\ucrtbase.dll
0x00007ff83e080000 - 0x00007ff83e2f9000 	C:\WINDOWS\WinSxS\amd64_microsoft.windows.common-controls_6595b64144ccf1df_6.0.17763.503_none_05b23ef40721f4ae\COMCTL32.dll
0x00007ff84f760000 - 0x00007ff84fa8c000 	C:\WINDOWS\System32\combase.dll
0x00007ff84de40000 - 0x00007ff84debe000 	C:\WINDOWS\System32\bcryptPrimitives.dll
0x00007ff84fea0000 - 0x00007ff84fece000 	C:\WINDOWS\System32\IMM32.DLL
0x000000006dcd0000 - 0x000000006dda2000 	C:\Program Files\Java\jdk1.8.0_181\jre\bin\msvcr100.dll
0x000000006d420000 - 0x000000006dcc2000 	C:\Program Files\Java\jdk1.8.0_181\jre\bin\server\jvm.dll
0x00007ff84eb40000 - 0x00007ff84eb48000 	C:\WINDOWS\System32\PSAPI.DLL
0x00007ff8496c0000 - 0x00007ff8496c9000 	C:\WINDOWS\SYSTEM32\WSOCK32.dll
0x00007ff84ee00000 - 0x00007ff84ee6d000 	C:\WINDOWS\System32\WS2_32.dll
0x00007ff83d180000 - 0x00007ff83d1a4000 	C:\WINDOWS\SYSTEM32\WINMM.dll
0x00007ff8481e0000 - 0x00007ff8481ea000 	C:\WINDOWS\SYSTEM32\VERSION.dll
0x00007ff83d0b0000 - 0x00007ff83d0dd000 	C:\WINDOWS\SYSTEM32\WINMMBASE.dll
0x00007ff84e870000 - 0x00007ff84e8ba000 	C:\WINDOWS\System32\cfgmgr32.dll
0x000000006d410000 - 0x000000006d41f000 	C:\Program Files\Java\jdk1.8.0_181\jre\bin\verify.dll
0x000000006d3e0000 - 0x000000006d409000 	C:\Program Files\Java\jdk1.8.0_181\jre\bin\java.dll
0x000000006d220000 - 0x000000006d243000 	C:\Program Files\Java\jdk1.8.0_181\jre\bin\instrument.dll
0x000000006d3c0000 - 0x000000006d3d6000 	C:\Program Files\Java\jdk1.8.0_181\jre\bin\zip.dll
0x00007ff850280000 - 0x00007ff851770000 	C:\WINDOWS\System32\SHELL32.dll
0x00007ff84fcb0000 - 0x00007ff84fd58000 	C:\WINDOWS\System32\shcore.dll
0x00007ff84e0c0000 - 0x00007ff84e80a000 	C:\WINDOWS\System32\windows.storage.dll
0x00007ff84d8b0000 - 0x00007ff84d8d4000 	C:\WINDOWS\System32\profapi.dll
0x00007ff84d8e0000 - 0x00007ff84d93d000 	C:\WINDOWS\System32\powrprof.dll
0x00007ff84eac0000 - 0x00007ff84eb12000 	C:\WINDOWS\System32\shlwapi.dll
0x00007ff84d890000 - 0x00007ff84d8a1000 	C:\WINDOWS\System32\kernel.appcore.dll
0x00007ff84e8c0000 - 0x00007ff84e8d7000 	C:\WINDOWS\System32\cryptsp.dll
0x00007ff8449f0000 - 0x00007ff844a0a000 	C:\Program Files\JetBrains\IntelliJ IDEA Community Edition 2018.1\bin\breakgen64.dll
0x000000006d3a0000 - 0x000000006d3ba000 	C:\Program Files\Java\jdk1.8.0_181\jre\bin\net.dll
0x00007ff84d110000 - 0x00007ff84d177000 	C:\WINDOWS\system32\mswsock.dll
0x00007ffff9fc0000 - 0x00007ffffe90f000 	C:\Users\andre\AppData\Local\Temp\tensorflow_native_libraries-1558889831873-0\tensorflow_jni.dll
0x00007ff83de00000 - 0x00007ff83de16000 	C:\WINDOWS\SYSTEM32\VCRUNTIME140.dll
0x00007ff83dd60000 - 0x00007ff83ddff000 	C:\WINDOWS\SYSTEM32\MSVCP140.dll
0x00007ff84d2e0000 - 0x00007ff84d2ec000 	C:\WINDOWS\SYSTEM32\CRYPTBASE.DLL
0x00007ff84ccd0000 - 0x00007ff84cd03000 	C:\WINDOWS\system32\rsaenh.dll
0x00007ff84dfc0000 - 0x00007ff84dfe6000 	C:\WINDOWS\System32\bcrypt.dll
0x00007ff84d7c0000 - 0x00007ff84d7e8000 	C:\WINDOWS\SYSTEM32\USERENV.dll
0x00007ff84ce70000 - 0x00007ff84cead000 	C:\WINDOWS\SYSTEM32\IPHLPAPI.DLL
0x00007ff8517d0000 - 0x00007ff8517d8000 	C:\WINDOWS\System32\NSI.dll
0x00007ff8485b0000 - 0x00007ff8485c6000 	C:\WINDOWS\SYSTEM32\dhcpcsvc6.DLL
0x00007ff848490000 - 0x00007ff8484ac000 	C:\WINDOWS\SYSTEM32\dhcpcsvc.DLL
0x00007ff84ceb0000 - 0x00007ff84cf76000 	C:\WINDOWS\SYSTEM32\DNSAPI.dll
0x000000006d380000 - 0x000000006d391000 	C:\Program Files\Java\jdk1.8.0_181\jre\bin\nio.dll
0x000000006d080000 - 0x000000006d219000 	C:\Program Files\Java\jdk1.8.0_181\jre\bin\awt.dll
0x00007ff84ee70000 - 0x00007ff84ef34000 	C:\WINDOWS\System32\OLEAUT32.dll
0x00007ff84b880000 - 0x00007ff84b90c000 	C:\WINDOWS\SYSTEM32\apphelp.dll
0x00007ff84ba00000 - 0x00007ff84ba9c000 	C:\WINDOWS\system32\uxtheme.dll
0x00007ff84eb50000 - 0x00007ff84ecba000 	C:\WINDOWS\System32\MSCTF.dll
0x00007ff84bec0000 - 0x00007ff84beee000 	C:\WINDOWS\system32\dwmapi.dll
0x00007ff84e8e0000 - 0x00007ff84eabb000 	C:\WINDOWS\System32\CRYPT32.dll
0x00007ff84d940000 - 0x00007ff84d952000 	C:\WINDOWS\System32\MSASN1.dll
0x00007ff850080000 - 0x00007ff8501d5000 	C:\WINDOWS\System32\ole32.dll
0x000000006d040000 - 0x000000006d07e000 	C:\Program Files\Java\jdk1.8.0_181\jre\bin\lcms.dll
0x000000006d290000 - 0x000000006d29d000 	C:\Program Files\Java\jdk1.8.0_181\jre\bin\management.dll

VM Arguments:
jvm_args: -ea -Didea.test.cyclic.buffer.size=104857600 -javaagent:C:\Program Files\JetBrains\IntelliJ IDEA Community Edition 2018.1\lib\idea_rt.jar=53332:C:\Program Files\JetBrains\IntelliJ IDEA Community Edition 2018.1\bin -Dfile.encoding=UTF-8 
java_command: com.intellij.rt.execution.junit.JUnitStarter -ideVersion5 -junit4 com.simiacryptus.text.gpt2.TextGenerationDemo,generateCommentary
java_class_path (initial): C:\Users\andre\AppData\Local\Temp\classpath19526051.jar;C:\Program Files\JetBrains\IntelliJ IDEA Community Edition 2018.1\lib\idea_rt.jar
Launcher Type: SUN_STANDARD

Environment Variables:
PATH=C:\Program Files\NVIDIA GPU Computing Toolkit\CUDA\v10.0\bin;C:\Program Files\NVIDIA GPU Computing Toolkit\CUDA\v10.0\libnvvp;C:\Program Files (x86)\Common Files\Oracle\Java\javapath;C:\Program Files\NVIDIA GPU Computing Toolkit\CUDA\v9.1\bin;C:\Program Files\NVIDIA GPU Computing Toolkit\CUDA\v9.1\libnvvp;C:\Program Files\Oculus\Support\oculus-runtime;C:\ProgramData\Oracle\Java\javapath;C:\Program Files\NVIDIA GPU Computing Toolkit\CUDA\v8.0\bin;C:\Program Files\NVIDIA GPU Computing Toolkit\CUDA\v8.0\libnvvp;C:\WINDOWS\system32;C:\WINDOWS;C:\WINDOWS\System32\Wbem;C:\WINDOWS\System32\WindowsPowerShell\v1.0\;C:\Program Files (x86)\NVIDIA Corporation\PhysX\Common;D:\Program Files\Git\cmd;D:\Program Files\PuTTY\;C:\Program Files\CMake\bin;C:\Program Files\Microsoft SQL Server\130\Tools\Binn\;C:\Program Files\dotnet\;C:\Users\andre\.dnx\bin;C:\Program Files\Microsoft DNX\Dnvm\;C:\Program Files\Microsoft SQL Server\120\Tools\Binn\;C:\WINDOWS\SysWOW64\WindowsPowerShell\v1.0\Modules\TShell\TShell\;C:\Program Files\Git LFS;C:\Program Files\Amazon\AWSCLI\;C:\WINDOWS\system32;C:\WINDOWS;C:\WINDOWS\System32\Wbem;C:\WINDOWS\System32\WindowsPowerShell\v1.0\;C:\WINDOWS\System32\OpenSSH\;C:\Program Files\NVIDIA Corporation\NVIDIA NvDLISR;C:\Program Files\PuTTY\;C:\Users\andre\AppData\Local\Microsoft\WindowsApps;C:\Users\andre\AppData\Local\GitHubDesktop\bin;%USERPROFILE%\AppData\Local\Microsoft\WindowsApps;
USERNAME=andre
OS=Windows_NT
PROCESSOR_IDENTIFIER=AMD64 Family 23 Model 1 Stepping 1, AuthenticAMD



---------------  S Y S T E M  ---------------

OS: Windows 10.0 , 64 bit Build 17763 (10.0.17763.475)

CPU:total 12 (initial active 12) (12 cores per cpu, 1 threads per core) family 23 model 1 stepping 1, cmov, cx8, fxsr, mmx, sse, sse2, sse3, ssse3, sse4.1, sse4.2, popcnt, avx, avx2, aes, clmul, mmxext, 3dnowpref, lzcnt, sse4a, tsc, tscinvbit, tscinv, bmi1

Memory: 4k page, physical 67039432k(684392k free), swap 96344260k(0k free)

vm_info: Java HotSpot(TM) 64-Bit Server VM (25.181-b13) for windows-amd64 JRE (1.8.0_181-b13), built on Jul  7 2018 04:01:33 by "java_re" with MS VC++ 10.0 (VS2010)

time: Sun May 26 10:05:08 2019
elapsed time: 482 seconds (0d 0h 8m 2s)

